TN:
SF:/home/vladimir/WebstormProjects/untitled1/js/calculator.js
FN:4,(anonymous_1)
FN:13,(anonymous_2)
FN:16,(anonymous_3)
FN:19,(anonymous_4)
FN:22,(anonymous_5)
FN:29,checkValidInputWhile
FN:40,addition
FN:44,subtraction
FN:48,multiplication
FN:52,division
FN:56,squareRoot
FN:60,equals
FN:66,percent
FN:70,cos
FN:74,sin
FN:78,tg
FN:82,ctg
FN:86,placeDot
FN:90,getResult
FN:94,deleteOneSymbol
FN:98,deleteAll
FN:102,isNumeric
FN:106,getResultFromContainer
FNF:23
FNH:2
FNDA:1,(anonymous_1)
FNDA:0,(anonymous_2)
FNDA:0,(anonymous_3)
FNDA:0,(anonymous_4)
FNDA:0,(anonymous_5)
FNDA:0,checkValidInputWhile
FNDA:0,addition
FNDA:0,subtraction
FNDA:0,multiplication
FNDA:0,division
FNDA:0,squareRoot
FNDA:0,equals
FNDA:0,percent
FNDA:0,cos
FNDA:0,sin
FNDA:0,tg
FNDA:0,ctg
FNDA:0,placeDot
FNDA:0,getResult
FNDA:0,deleteOneSymbol
FNDA:1,deleteAll
FNDA:0,isNumeric
FNDA:0,getResultFromContainer
DA:4,1
DA:6,1
DA:8,1
DA:9,1
DA:10,1
DA:12,1
DA:14,0
DA:17,0
DA:20,0
DA:23,0
DA:27,1
DA:29,1
DA:30,0
DA:31,0
DA:32,0
DA:33,0
DA:34,0
DA:36,0
DA:40,1
DA:41,0
DA:44,1
DA:45,0
DA:48,1
DA:49,0
DA:52,1
DA:53,0
DA:56,1
DA:57,0
DA:60,1
DA:61,0
DA:62,0
DA:63,0
DA:66,1
DA:67,0
DA:70,1
DA:71,0
DA:74,1
DA:75,0
DA:78,1
DA:79,0
DA:82,1
DA:83,0
DA:86,1
DA:87,0
DA:90,1
DA:91,0
DA:94,1
DA:95,0
DA:98,1
DA:99,1
DA:102,1
DA:103,0
DA:106,1
DA:107,0
DA:110,1
DA:128,1
LF:56
LH:28
BRDA:20,1,0,0
BRDA:20,1,1,0
BRDA:31,2,0,0
BRDA:31,2,1,0
BRDA:91,3,0,0
BRDA:91,3,1,0
BRDA:103,4,0,0
BRDA:103,4,1,0
BRF:8
BRH:0
end_of_record
