TN:
SF:/home/vladimir/WebstormProjects/untitled1/js/calculator.js
FN:4,(anonymous_1)
FN:12,(anonymous_2)
FN:15,(anonymous_3)
FN:18,(anonymous_4)
FN:21,(anonymous_5)
FN:28,checkValidInputWhile
FN:39,init
FN:43,addition
FN:47,subtraction
FN:51,multiplication
FN:55,division
FN:59,squareRoot
FN:63,equals
FN:69,percent
FN:73,cos
FN:77,sin
FN:81,tg
FN:85,ctg
FN:89,placeDot
FN:93,getResult
FN:97,deleteOneSymbol
FN:101,deleteAll
FN:105,isNumeric
FN:109,getResultFromContainer
FNF:24
FNH:3
FNDA:1,(anonymous_1)
FNDA:0,(anonymous_2)
FNDA:0,(anonymous_3)
FNDA:0,(anonymous_4)
FNDA:0,(anonymous_5)
FNDA:0,checkValidInputWhile
FNDA:1,init
FNDA:0,addition
FNDA:0,subtraction
FNDA:0,multiplication
FNDA:0,division
FNDA:0,squareRoot
FNDA:0,equals
FNDA:0,percent
FNDA:0,cos
FNDA:0,sin
FNDA:0,tg
FNDA:0,ctg
FNDA:0,placeDot
FNDA:0,getResult
FNDA:0,deleteOneSymbol
FNDA:1,deleteAll
FNDA:0,isNumeric
FNDA:0,getResultFromContainer
DA:4,1
DA:5,1
DA:7,1
DA:8,1
DA:9,1
DA:11,1
DA:13,0
DA:16,0
DA:19,0
DA:22,0
DA:26,1
DA:28,1
DA:29,0
DA:30,0
DA:31,0
DA:32,0
DA:33,0
DA:35,0
DA:39,1
DA:40,1
DA:43,1
DA:44,0
DA:47,1
DA:48,0
DA:51,1
DA:52,0
DA:55,1
DA:56,0
DA:59,1
DA:60,0
DA:63,1
DA:64,0
DA:65,0
DA:66,0
DA:69,1
DA:70,0
DA:73,1
DA:74,0
DA:77,1
DA:78,0
DA:81,1
DA:82,0
DA:85,1
DA:86,0
DA:89,1
DA:90,0
DA:93,1
DA:94,0
DA:97,1
DA:98,0
DA:101,1
DA:102,1
DA:105,1
DA:106,0
DA:109,1
DA:110,0
DA:113,1
DA:132,1
LF:58
LH:30
BRDA:19,1,0,0
BRDA:19,1,1,0
BRDA:30,2,0,0
BRDA:30,2,1,0
BRDA:94,3,0,0
BRDA:94,3,1,0
BRDA:106,4,0,0
BRDA:106,4,1,0
BRF:8
BRH:0
end_of_record
